<?xml version="1.0" encoding="UTF-8"?>
<!-- Generated by org.testng.reporters.JUnitXMLReporter -->
<testsuite ignored="2" hostname="Erdem-MacBook-Air.local" failures="0" tests="0" time="0.013" errors="0" timestamp="2023-09-10T13:03:48 TRT">
  <testcase classname="FrameworkSelenium.Tests.ErrorValidationsTest" name="ProductErrorValidition" time="0.0">
    <ignored/>
  </testcase> <!-- ProductErrorValidition -->
  <testcase classname="FrameworkSelenium.Tests.ErrorValidationsTest" name="LogOutErrorValidation" time="0.0">
    <ignored/>
  </testcase> <!-- LogOutErrorValidation -->
</testsuite>
