<?xml version="1.0" encoding="UTF-8"?>
<!-- Generated by org.testng.reporters.JUnitXMLReporter -->
<testsuite ignored="1" hostname="Erdem-MacBook-Air.local" failures="0" tests="2" name="Submit Order Test" time="20.499" errors="0" timestamp="2023-09-10T13:04:08 TRT">
  <testcase classname="FrameworkSelenium.Tests.StandAloneTest" name="submitOrder" time="4.003"/>
  <testcase classname="FrameworkSelenium.Tests.StandAloneTest" name="submitOrder" time="4.044"/>
  <testcase classname="FrameworkSelenium.Tests.StandAloneTest" name="OrderHistoryTest" time="0.0">
    <ignored/>
  </testcase> <!-- OrderHistoryTest -->
</testsuite> <!-- Submit Order Test -->
